<?xml version="1.0" encoding="UTF-8"?>
<!-- Generated by org.testng.reporters.JUnitXMLReporter -->
<testsuite hostname="Valyoo-PC" name="Default test" tests="6" failures="0" timestamp="15 Dec 2016 09:53:52 GMT" time="285.73" errors="0">
  <testcase name="testDeleteCart" time="61.179" classname="Scenario_Component.Scenario_Cart"/>
  <testcase name="testInvalidSearch" time="37.534" classname="Scenario_Component.Scenario_Search"/>
  <testcase name="testInvalidSearch" time="47.14" classname="Scenario_Component.Scenario_Search"/>
  <testcase name="testValidSearch" time="50.161" classname="Scenario_Component.Scenario_Search"/>
  <testcase name="testValidSearch" time="45.133" classname="Scenario_Component.Scenario_Search"/>
  <testcase name="testValidSearch" time="43.853" classname="Scenario_Component.Scenario_Search"/>
</testsuite> <!-- Default test -->
