<?xml version="1.0" encoding="UTF-8"?>
<testng-results skipped="0" failed="0" total="1" passed="1">
  <reporter-output>
  </reporter-output>
  <suite name="Novbatch" duration-ms="55426" started-at="2016-12-10T07:01:08Z" finished-at="2016-12-10T07:02:03Z">
    <groups>
      <group name="smoke">
        <method signature="Scenario_Search.testInvalidSearch(java.util.Map)[pri:0, instance:Scenario_Component.Scenario_Search@6043cd28]" name="testInvalidSearch" class="Scenario_Component.Scenario_Search"/>
      </group> <!-- smoke -->
    </groups>
    <test name="RegSet1" duration-ms="55426" started-at="2016-12-10T07:01:08Z" finished-at="2016-12-10T07:02:03Z">
      <class name="Scenario_Component.Scenario_Search">
        <test-method status="PASS" signature="testInvalidSearch(java.util.Map)[pri:0, instance:Scenario_Component.Scenario_Search@6043cd28]" name="testInvalidSearch" duration-ms="54789" started-at="2016-12-10T12:31:08Z" data-provider="dp_InvalidSearch" finished-at="2016-12-10T12:32:03Z">
          <params>
            <param index="0">
              <value>
                <![CDATA[{Order=1.0, =, Execute_Flag=Y, TC_ID=GB_01, Script_name=Invalid_Search, Search_item=&&###, Exp_Result=Sorry! There are no products to display.}]]>
              </value>
            </param>
          </params>
          <reporter-output>
          </reporter-output>
        </test-method> <!-- testInvalidSearch -->
      </class> <!-- Scenario_Component.Scenario_Search -->
    </test> <!-- RegSet1 -->
  </suite> <!-- Novbatch -->
</testng-results>
